config file path : config.ini
[2023-09-28 14:31:50] Initializing...
FISCO-BCOS Version : 2.9.1
Build Time         : 20220922 08:57:35
Build Type         : Linux/g++/Release
Git Branch         : HEAD
Git Commit Hash    : 83a87ad749475c0edcc6d5ce2dabd328a36d3bae
[2023-09-28 14:31:51] The FISCO-BCOS is running...
config file path : config.ini
[2023-09-28 14:49:31] Initializing...
FISCO-BCOS Version : 2.9.1
Build Time         : 20220922 08:57:35
Build Type         : Linux/g++/Release
Git Branch         : HEAD
Git Commit Hash    : 83a87ad749475c0edcc6d5ce2dabd328a36d3bae
[2023-09-28 14:49:32] The FISCO-BCOS is running...
config file path : config.ini
[2023-09-28 15:04:08] Initializing...
FISCO-BCOS Version : 2.9.1
Build Time         : 20220922 08:57:35
Build Type         : Linux/g++/Release
Git Branch         : HEAD
Git Commit Hash    : 83a87ad749475c0edcc6d5ce2dabd328a36d3bae
[2023-09-28 15:04:08] The FISCO-BCOS is running...
config file path : config.ini
[2023-09-28 15:20:18] Initializing...
FISCO-BCOS Version : 2.9.1
Build Time         : 20220922 08:57:35
Build Type         : Linux/g++/Release
Git Branch         : HEAD
Git Commit Hash    : 83a87ad749475c0edcc6d5ce2dabd328a36d3bae
[2023-09-28 15:20:19] The FISCO-BCOS is running...
config file path : config.ini
[2023-09-28 15:47:59] Initializing...
FISCO-BCOS Version : 2.9.1
Build Time         : 20220922 08:57:35
Build Type         : Linux/g++/Release
Git Branch         : HEAD
Git Commit Hash    : 83a87ad749475c0edcc6d5ce2dabd328a36d3bae
[2023-09-28 15:47:59] The FISCO-BCOS is running...
config file path : config.ini
[2023-09-28 15:52:11] Initializing...
FISCO-BCOS Version : 2.9.1
Build Time         : 20220922 08:57:35
Build Type         : Linux/g++/Release
Git Branch         : HEAD
Git Commit Hash    : 83a87ad749475c0edcc6d5ce2dabd328a36d3bae
[2023-09-28 15:52:11] The FISCO-BCOS is running...
config file path : config.ini
[2023-09-28 16:00:26] Initializing...
FISCO-BCOS Version : 2.9.1
Build Time         : 20220922 08:57:35
Build Type         : Linux/g++/Release
Git Branch         : HEAD
Git Commit Hash    : 83a87ad749475c0edcc6d5ce2dabd328a36d3bae
[2023-09-28 16:00:26] The FISCO-BCOS is running...
config file path : config.ini
[2023-09-28 16:03:08] Initializing...
FISCO-BCOS Version : 2.9.1
Build Time         : 20220922 08:57:35
Build Type         : Linux/g++/Release
Git Branch         : HEAD
Git Commit Hash    : 83a87ad749475c0edcc6d5ce2dabd328a36d3bae
[2023-09-28 16:03:08] The FISCO-BCOS is running...
config file path : config.ini
[2023-09-28 16:05:41] Initializing...
FISCO-BCOS Version : 2.9.1
Build Time         : 20220922 08:57:35
Build Type         : Linux/g++/Release
Git Branch         : HEAD
Git Commit Hash    : 83a87ad749475c0edcc6d5ce2dabd328a36d3bae
[2023-09-28 16:05:41] The FISCO-BCOS is running...
config file path : config.ini
[2023-09-28 16:09:14] Initializing...
FISCO-BCOS Version : 2.9.1
Build Time         : 20220922 08:57:35
Build Type         : Linux/g++/Release
Git Branch         : HEAD
Git Commit Hash    : 83a87ad749475c0edcc6d5ce2dabd328a36d3bae
[2023-09-28 16:09:15] The FISCO-BCOS is running...
config file path : config.ini
[2023-09-28 16:11:01] Initializing...
FISCO-BCOS Version : 2.9.1
Build Time         : 20220922 08:57:35
Build Type         : Linux/g++/Release
Git Branch         : HEAD
Git Commit Hash    : 83a87ad749475c0edcc6d5ce2dabd328a36d3bae
[2023-09-28 16:11:01] The FISCO-BCOS is running...
config file path : config.ini
[2023-09-28 16:16:05] Initializing...
FISCO-BCOS Version : 2.9.1
Build Time         : 20220922 08:57:35
Build Type         : Linux/g++/Release
Git Branch         : HEAD
Git Commit Hash    : 83a87ad749475c0edcc6d5ce2dabd328a36d3bae
[2023-09-28 16:16:06] The FISCO-BCOS is running...
config file path : config.ini
[2023-09-28 16:23:05] Initializing...
FISCO-BCOS Version : 2.9.1
Build Time         : 20220922 08:57:35
Build Type         : Linux/g++/Release
Git Branch         : HEAD
Git Commit Hash    : 83a87ad749475c0edcc6d5ce2dabd328a36d3bae
[2023-09-28 16:23:06] The FISCO-BCOS is running...
config file path : config.ini
[2023-09-28 16:30:13] Initializing...
FISCO-BCOS Version : 2.9.1
Build Time         : 20220922 08:57:35
Build Type         : Linux/g++/Release
Git Branch         : HEAD
Git Commit Hash    : 83a87ad749475c0edcc6d5ce2dabd328a36d3bae
[2023-09-28 16:30:13] The FISCO-BCOS is running...
config file path : config.ini
[2023-09-28 16:35:28] Initializing...
FISCO-BCOS Version : 2.9.1
Build Time         : 20220922 08:57:35
Build Type         : Linux/g++/Release
Git Branch         : HEAD
Git Commit Hash    : 83a87ad749475c0edcc6d5ce2dabd328a36d3bae
[2023-09-28 16:35:29] The FISCO-BCOS is running...
config file path : config.ini
[2023-09-28 16:37:12] Initializing...
FISCO-BCOS Version : 2.9.1
Build Time         : 20220922 08:57:35
Build Type         : Linux/g++/Release
Git Branch         : HEAD
Git Commit Hash    : 83a87ad749475c0edcc6d5ce2dabd328a36d3bae
[2023-09-28 16:37:13] The FISCO-BCOS is running...
config file path : config.ini
[2023-09-28 16:39:32] Initializing...
FISCO-BCOS Version : 2.9.1
Build Time         : 20220922 08:57:35
Build Type         : Linux/g++/Release
Git Branch         : HEAD
Git Commit Hash    : 83a87ad749475c0edcc6d5ce2dabd328a36d3bae
[2023-09-28 16:39:32] The FISCO-BCOS is running...
config file path : config.ini
[2023-09-28 16:47:15] Initializing...
FISCO-BCOS Version : 2.9.1
Build Time         : 20220922 08:57:35
Build Type         : Linux/g++/Release
Git Branch         : HEAD
Git Commit Hash    : 83a87ad749475c0edcc6d5ce2dabd328a36d3bae
[2023-09-28 16:47:15] The FISCO-BCOS is running...
config file path : config.ini
[2023-09-28 16:56:59] Initializing...
FISCO-BCOS Version : 2.9.1
Build Time         : 20220922 08:57:35
Build Type         : Linux/g++/Release
Git Branch         : HEAD
Git Commit Hash    : 83a87ad749475c0edcc6d5ce2dabd328a36d3bae
[2023-09-28 16:56:59] The FISCO-BCOS is running...
config file path : config.ini
[2023-09-28 17:02:06] Initializing...
FISCO-BCOS Version : 2.9.1
Build Time         : 20220922 08:57:35
Build Type         : Linux/g++/Release
Git Branch         : HEAD
Git Commit Hash    : 83a87ad749475c0edcc6d5ce2dabd328a36d3bae
[2023-09-28 17:02:07] The FISCO-BCOS is running...
config file path : config.ini
[2023-09-28 17:04:55] Initializing...
FISCO-BCOS Version : 2.9.1
Build Time         : 20220922 08:57:35
Build Type         : Linux/g++/Release
Git Branch         : HEAD
Git Commit Hash    : 83a87ad749475c0edcc6d5ce2dabd328a36d3bae
[2023-09-28 17:04:55] The FISCO-BCOS is running...
config file path : config.ini
[2023-09-28 17:15:07] Initializing...
FISCO-BCOS Version : 2.9.1
Build Time         : 20220922 08:57:35
Build Type         : Linux/g++/Release
Git Branch         : HEAD
Git Commit Hash    : 83a87ad749475c0edcc6d5ce2dabd328a36d3bae
[2023-09-28 17:15:07] The FISCO-BCOS is running...
config file path : config.ini
[2023-09-28 17:24:38] Initializing...
FISCO-BCOS Version : 2.9.1
Build Time         : 20220922 08:57:35
Build Type         : Linux/g++/Release
Git Branch         : HEAD
Git Commit Hash    : 83a87ad749475c0edcc6d5ce2dabd328a36d3bae
[2023-09-28 17:24:38] The FISCO-BCOS is running...
config file path : config.ini
[2023-09-29 00:37:52] Initializing...
FISCO-BCOS Version : 2.9.1
Build Time         : 20220922 08:57:35
Build Type         : Linux/g++/Release
Git Branch         : HEAD
Git Commit Hash    : 83a87ad749475c0edcc6d5ce2dabd328a36d3bae
[2023-09-29 00:37:53] The FISCO-BCOS is running...
config file path : config.ini
[2023-09-29 00:49:18] Initializing...
FISCO-BCOS Version : 2.9.1
Build Time         : 20220922 08:57:35
Build Type         : Linux/g++/Release
Git Branch         : HEAD
Git Commit Hash    : 83a87ad749475c0edcc6d5ce2dabd328a36d3bae
[2023-09-29 00:49:18] The FISCO-BCOS is running...
config file path : config.ini
[2023-09-29 00:53:31] Initializing...
FISCO-BCOS Version : 2.9.1
Build Time         : 20220922 08:57:35
Build Type         : Linux/g++/Release
Git Branch         : HEAD
Git Commit Hash    : 83a87ad749475c0edcc6d5ce2dabd328a36d3bae
[2023-09-29 00:53:32] The FISCO-BCOS is running...
config file path : config.ini
[2023-09-29 00:58:19] Initializing...
FISCO-BCOS Version : 2.9.1
Build Time         : 20220922 08:57:35
Build Type         : Linux/g++/Release
Git Branch         : HEAD
Git Commit Hash    : 83a87ad749475c0edcc6d5ce2dabd328a36d3bae
[2023-09-29 00:58:19] The FISCO-BCOS is running...
config file path : config.ini
[2023-09-29 01:01:14] Initializing...
FISCO-BCOS Version : 2.9.1
Build Time         : 20220922 08:57:35
Build Type         : Linux/g++/Release
Git Branch         : HEAD
Git Commit Hash    : 83a87ad749475c0edcc6d5ce2dabd328a36d3bae
[2023-09-29 01:01:14] The FISCO-BCOS is running...
config file path : config.ini
[2023-09-29 01:05:20] Initializing...
FISCO-BCOS Version : 2.9.1
Build Time         : 20220922 08:57:35
Build Type         : Linux/g++/Release
Git Branch         : HEAD
Git Commit Hash    : 83a87ad749475c0edcc6d5ce2dabd328a36d3bae
[2023-09-29 01:05:20] The FISCO-BCOS is running...
config file path : config.ini
[2023-09-29 01:13:46] Initializing...
FISCO-BCOS Version : 2.9.1
Build Time         : 20220922 08:57:35
Build Type         : Linux/g++/Release
Git Branch         : HEAD
Git Commit Hash    : 83a87ad749475c0edcc6d5ce2dabd328a36d3bae
[2023-09-29 01:13:46] The FISCO-BCOS is running...
config file path : config.ini
[2023-09-29 01:24:57] Initializing...
FISCO-BCOS Version : 2.9.1
Build Time         : 20220922 08:57:35
Build Type         : Linux/g++/Release
Git Branch         : HEAD
Git Commit Hash    : 83a87ad749475c0edcc6d5ce2dabd328a36d3bae
[2023-09-29 01:24:57] The FISCO-BCOS is running...
config file path : config.ini
[2023-09-29 01:34:07] Initializing...
FISCO-BCOS Version : 2.9.1
Build Time         : 20220922 08:57:35
Build Type         : Linux/g++/Release
Git Branch         : HEAD
Git Commit Hash    : 83a87ad749475c0edcc6d5ce2dabd328a36d3bae
[2023-09-29 01:34:07] The FISCO-BCOS is running...
